<?xml version="1.0" encoding="UTF-8"?>
<!-- Generated by org.testng.reporters.JUnitXMLReporter -->
<testsuite hostname="DESKTOP-SJ4I28F" ignored="0" name="Command line test" tests="1" failures="0" timestamp="24 Nov 2019 07:04:40 GMT" time="0.02" errors="0">
  <testcase name="@BeforeClass automationSetup" time="0.0" classname="linkden.Test.MyTestNGBaseClass">
    <failure type="org.testng.TestNGException" message="
Parameter &amp;apos;BrowserToOpen&amp;apos; is required by BeforeClass on method automationSetup but has not been marked @Optional or defined
">
      <![CDATA[org.testng.TestNGException: 
Parameter 'BrowserToOpen' is required by BeforeClass on method automationSetup but has not been marked @Optional or defined

... Removed 31 stack frames]]>
    </failure>
  </testcase> <!-- @BeforeClass automationSetup -->
  <testcase name="@AfterClass automationTeardown" time="0.0" classname="linkden.Test.MyTestNGBaseClass">
    <skipped/>
  </testcase> <!-- @AfterClass automationTeardown -->
  <testcase name="validation" time="0.001" classname="linkden.Test.AppTest">
    <skipped/>
  </testcase> <!-- validation -->
</testsuite> <!-- Command line test -->
